<?xml version="1.0" encoding="UTF-8"?>
<!-- Generated by org.testng.reporters.JUnitXMLReporter -->
<testsuite hostname="hiran-PC" ignored="0" name="Default test" tests="3" failures="0" timestamp="12 Aug 2019 23:24:04 GMT" time="6.488" errors="0">
  <testcase name="corto" time="5.602" classname="obtenerRequest.obtenerData"/>
  <testcase name="largo" time="0.4" classname="obtenerRequest.obtenerData"/>
  <testcase name="testResponsecode" time="0.367" classname="obtenerRequest.obtenerData"/>
</testsuite> <!-- Default test -->
